<?xml version="1.0" encoding="UTF-8"?>
<!-- Generated by org.testng.reporters.JUnitReportReporter -->
<testsuite hostname="Mayas-MacBook-Air.local" failures="0" tests="5" name="stepDefinitions.LoggerTest" time="0.029" errors="0" timestamp="2024-11-07T21:08:43 EST" skipped="0">
  <testcase classname="stepDefinitions.LoggerTest" name="test002" time="0.003"/>
  <testcase classname="stepDefinitions.LoggerTest" name="test004" time="0.002"/>
  <testcase classname="stepDefinitions.LoggerTest" name="test001" time="0.018"/>
  <testcase classname="stepDefinitions.LoggerTest" name="test003" time="0.004"/>
  <testcase classname="stepDefinitions.LoggerTest" name="test005" time="0.002"/>
</testsuite> <!-- stepDefinitions.LoggerTest -->
